<?xml version="1.0" encoding="UTF-8"?>
<testsuite xmlns:xsi="http://www.w3.org/2001/XMLSchema-instance" xsi:noNamespaceSchemaLocation="https://maven.apache.org/surefire/maven-surefire-plugin/xsd/surefire-test-report.xsd" name="com.misterdiallo.backend.productservice.ProductServiceApplicationTests" time="10.65" tests="2" errors="0" skipped="0" failures="0">
  <properties>
[...]
</properties>
  <testcase name="displayAllProduct" classname="com.misterdiallo.backend.productservice.ProductServiceApplicationTests" time="0.231"/>
  <testcase name="shouldCreateProduct" classname="com.misterdiallo.backend.productservice.ProductServiceApplicationTests" time="0.269"/>
</testsuite>